<?xml version="1.0" encoding="UTF-8"?>
<!-- Generated by org.testng.reporters.JUnitXMLReporter -->
<testsuite ignored="0" hostname="INSML-H55MD6M" failures="10" tests="10" name="Default test" time="0.782" errors="0" timestamp="2022-12-17T17:48:55 IST">
  <testcase classname="io.cucumber.testng.AbstractTestNGCucumberTests" name="runScenario" time="0.48">
    <failure type="java.lang.NullPointerException" message="Cannot invoke &amp;quot;org.openqa.selenium.WebDriver.findElement(org.openqa.selenium.By)&amp;quot; because &amp;quot;com.paraBanking.stepDefinitions.ParaBankStepDefinitions.driver&amp;quot; is null">
      <![CDATA[java.lang.NullPointerException: Cannot invoke "org.openqa.selenium.WebDriver.findElement(org.openqa.selenium.By)" because "com.paraBanking.stepDefinitions.ParaBankStepDefinitions.driver" is null
at com.paraBanking.stepDefinitions.ParaBankStepDefinitions.cleanDB(ParaBankStepDefinitions.java:122)
at ✽.Clean the DataBase to avoid internal server error(file:///Users/snimma868/Demo/paraBanking/src/test/resources/paraBanking.feature:5)
]]>
    </failure>
  </testcase> <!-- runScenario -->
  <testcase classname="io.cucumber.testng.AbstractTestNGCucumberTests" name="runScenario" time="0.007">
    <failure type="java.lang.NullPointerException" message="Cannot invoke &amp;quot;org.openqa.selenium.WebDriver.findElement(org.openqa.selenium.By)&amp;quot; because &amp;quot;com.paraBanking.stepDefinitions.ParaBankStepDefinitions.driver&amp;quot; is null">
      <![CDATA[java.lang.NullPointerException: Cannot invoke "org.openqa.selenium.WebDriver.findElement(org.openqa.selenium.By)" because "com.paraBanking.stepDefinitions.ParaBankStepDefinitions.driver" is null
at com.paraBanking.stepDefinitions.ParaBankStepDefinitions.cleanDB(ParaBankStepDefinitions.java:122)
at ✽.Clean the DataBase to avoid internal server error(file:///Users/snimma868/Demo/paraBanking/src/test/resources/paraBanking.feature:18)
]]>
    </failure>
  </testcase> <!-- runScenario -->
  <testcase classname="io.cucumber.testng.AbstractTestNGCucumberTests" name="runScenario" time="0.007">
    <failure type="java.lang.NullPointerException" message="Cannot invoke &amp;quot;org.openqa.selenium.WebDriver.findElement(org.openqa.selenium.By)&amp;quot; because &amp;quot;com.paraBanking.stepDefinitions.ParaBankStepDefinitions.driver&amp;quot; is null">
      <![CDATA[java.lang.NullPointerException: Cannot invoke "org.openqa.selenium.WebDriver.findElement(org.openqa.selenium.By)" because "com.paraBanking.stepDefinitions.ParaBankStepDefinitions.driver" is null
at com.paraBanking.stepDefinitions.ParaBankStepDefinitions.cleanDB(ParaBankStepDefinitions.java:122)
at ✽.Clean the DataBase to avoid internal server error(file:///Users/snimma868/Demo/paraBanking/src/test/resources/paraBanking.feature:35)
]]>
    </failure>
  </testcase> <!-- runScenario -->
  <testcase classname="io.cucumber.testng.AbstractTestNGCucumberTests" name="runScenario" time="0.005">
    <failure type="java.lang.NullPointerException" message="Cannot invoke &amp;quot;org.openqa.selenium.WebDriver.findElement(org.openqa.selenium.By)&amp;quot; because &amp;quot;com.paraBanking.stepDefinitions.ParaBankStepDefinitions.driver&amp;quot; is null">
      <![CDATA[java.lang.NullPointerException: Cannot invoke "org.openqa.selenium.WebDriver.findElement(org.openqa.selenium.By)" because "com.paraBanking.stepDefinitions.ParaBankStepDefinitions.driver" is null
at com.paraBanking.stepDefinitions.ParaBankStepDefinitions.cleanDB(ParaBankStepDefinitions.java:122)
at ✽.Clean the DataBase to avoid internal server error(file:///Users/snimma868/Demo/paraBanking/src/test/resources/paraBanking.feature:35)
]]>
    </failure>
  </testcase> <!-- runScenario -->
  <testcase classname="io.cucumber.testng.AbstractTestNGCucumberTests" name="runScenario" time="0.005">
    <failure type="java.lang.NullPointerException" message="Cannot invoke &amp;quot;org.openqa.selenium.WebDriver.findElement(org.openqa.selenium.By)&amp;quot; because &amp;quot;com.paraBanking.stepDefinitions.ParaBankStepDefinitions.driver&amp;quot; is null">
      <![CDATA[java.lang.NullPointerException: Cannot invoke "org.openqa.selenium.WebDriver.findElement(org.openqa.selenium.By)" because "com.paraBanking.stepDefinitions.ParaBankStepDefinitions.driver" is null
at com.paraBanking.stepDefinitions.ParaBankStepDefinitions.cleanDB(ParaBankStepDefinitions.java:122)
at ✽.Clean the DataBase to avoid internal server error(file:///Users/snimma868/Demo/paraBanking/src/test/resources/paraBanking.feature:35)
]]>
    </failure>
  </testcase> <!-- runScenario -->
  <testcase classname="io.cucumber.testng.AbstractTestNGCucumberTests" name="runScenario" time="0.006">
    <failure type="java.lang.NullPointerException" message="Cannot invoke &amp;quot;org.openqa.selenium.WebDriver.findElement(org.openqa.selenium.By)&amp;quot; because &amp;quot;com.paraBanking.stepDefinitions.ParaBankStepDefinitions.driver&amp;quot; is null">
      <![CDATA[java.lang.NullPointerException: Cannot invoke "org.openqa.selenium.WebDriver.findElement(org.openqa.selenium.By)" because "com.paraBanking.stepDefinitions.ParaBankStepDefinitions.driver" is null
at com.paraBanking.stepDefinitions.ParaBankStepDefinitions.cleanDB(ParaBankStepDefinitions.java:122)
at ✽.Clean the DataBase to avoid internal server error(file:///Users/snimma868/Demo/paraBanking/src/test/resources/paraBanking.feature:35)
]]>
    </failure>
  </testcase> <!-- runScenario -->
  <testcase classname="io.cucumber.testng.AbstractTestNGCucumberTests" name="runScenario" time="0.005">
    <failure type="java.lang.NullPointerException" message="Cannot invoke &amp;quot;org.openqa.selenium.WebDriver.findElement(org.openqa.selenium.By)&amp;quot; because &amp;quot;com.paraBanking.stepDefinitions.ParaBankStepDefinitions.driver&amp;quot; is null">
      <![CDATA[java.lang.NullPointerException: Cannot invoke "org.openqa.selenium.WebDriver.findElement(org.openqa.selenium.By)" because "com.paraBanking.stepDefinitions.ParaBankStepDefinitions.driver" is null
at com.paraBanking.stepDefinitions.ParaBankStepDefinitions.cleanDB(ParaBankStepDefinitions.java:122)
at ✽.Clean the DataBase to avoid internal server error(file:///Users/snimma868/Demo/paraBanking/src/test/resources/paraBanking.feature:35)
]]>
    </failure>
  </testcase> <!-- runScenario -->
  <testcase classname="io.cucumber.testng.AbstractTestNGCucumberTests" name="runScenario" time="0.006">
    <failure type="java.lang.NullPointerException" message="Cannot invoke &amp;quot;org.openqa.selenium.WebDriver.findElement(org.openqa.selenium.By)&amp;quot; because &amp;quot;com.paraBanking.stepDefinitions.ParaBankStepDefinitions.driver&amp;quot; is null">
      <![CDATA[java.lang.NullPointerException: Cannot invoke "org.openqa.selenium.WebDriver.findElement(org.openqa.selenium.By)" because "com.paraBanking.stepDefinitions.ParaBankStepDefinitions.driver" is null
at com.paraBanking.stepDefinitions.ParaBankStepDefinitions.cleanDB(ParaBankStepDefinitions.java:122)
at ✽.Clean the DataBase to avoid internal server error(file:///Users/snimma868/Demo/paraBanking/src/test/resources/paraBanking.feature:35)
]]>
    </failure>
  </testcase> <!-- runScenario -->
  <testcase classname="io.cucumber.testng.AbstractTestNGCucumberTests" name="runScenario" time="0.006">
    <failure type="java.lang.NullPointerException" message="Cannot invoke &amp;quot;org.openqa.selenium.WebDriver.findElement(org.openqa.selenium.By)&amp;quot; because &amp;quot;com.paraBanking.stepDefinitions.ParaBankStepDefinitions.driver&amp;quot; is null">
      <![CDATA[java.lang.NullPointerException: Cannot invoke "org.openqa.selenium.WebDriver.findElement(org.openqa.selenium.By)" because "com.paraBanking.stepDefinitions.ParaBankStepDefinitions.driver" is null
at com.paraBanking.stepDefinitions.ParaBankStepDefinitions.cleanDB(ParaBankStepDefinitions.java:122)
at ✽.Clean the DataBase to avoid internal server error(file:///Users/snimma868/Demo/paraBanking/src/test/resources/paraBanking.feature:35)
]]>
    </failure>
  </testcase> <!-- runScenario -->
  <testcase classname="io.cucumber.testng.AbstractTestNGCucumberTests" name="runScenario" time="0.009">
    <failure type="java.lang.NullPointerException" message="Cannot invoke &amp;quot;org.openqa.selenium.WebDriver.findElement(org.openqa.selenium.By)&amp;quot; because &amp;quot;com.paraBanking.stepDefinitions.ParaBankStepDefinitions.driver&amp;quot; is null">
      <![CDATA[java.lang.NullPointerException: Cannot invoke "org.openqa.selenium.WebDriver.findElement(org.openqa.selenium.By)" because "com.paraBanking.stepDefinitions.ParaBankStepDefinitions.driver" is null
at com.paraBanking.stepDefinitions.ParaBankStepDefinitions.cleanDB(ParaBankStepDefinitions.java:122)
at ✽.Clean the DataBase to avoid internal server error(file:///Users/snimma868/Demo/paraBanking/src/test/resources/paraBanking.feature:35)
]]>
    </failure>
  </testcase> <!-- runScenario -->
</testsuite> <!-- Default test -->
