<?xml version="1.0" encoding="UTF-8"?>
<!-- Generated by org.testng.reporters.JUnitXMLReporter -->
<testsuite ignored="0" hostname="INSML-H55MD6M" failures="1" tests="10" name="Test" time="768.865" errors="0" timestamp="2022-12-18T01:01:18 IST">
  <testcase classname="io.cucumber.testng.AbstractTestNGCucumberTests" name="runScenario" time="64.392"/>
  <testcase classname="io.cucumber.testng.AbstractTestNGCucumberTests" name="runScenario" time="125.333">
    <failure type="java.lang.AssertionError" message="Amount didn&amp;apos;t get credited to Riya">
      <![CDATA[java.lang.AssertionError: Amount didn't get credited to Riya
at com.paraBanking.stepDefinitions.ParaBankStepDefinitions.verifyBalanceAndTransactionTable(ParaBankStepDefinitions.java:303)
at ✽.Verify that balance and transaction table details of Checking account is correct after receiving amount of 50 <from-to> Riya(file:///Users/snimma868/Demo/paraBanking/src/test/resources/paraBanking.feature:23)
... Removed 1 stack frames]]>
    </failure>
  </testcase> <!-- runScenario -->
  <testcase classname="io.cucumber.testng.AbstractTestNGCucumberTests" name="runScenario" time="71.406"/>
  <testcase classname="io.cucumber.testng.AbstractTestNGCucumberTests" name="runScenario" time="74.914"/>
  <testcase classname="io.cucumber.testng.AbstractTestNGCucumberTests" name="runScenario" time="72.094"/>
  <testcase classname="io.cucumber.testng.AbstractTestNGCucumberTests" name="runScenario" time="71.83"/>
  <testcase classname="io.cucumber.testng.AbstractTestNGCucumberTests" name="runScenario" time="72.164"/>
  <testcase classname="io.cucumber.testng.AbstractTestNGCucumberTests" name="runScenario" time="71.63"/>
  <testcase classname="io.cucumber.testng.AbstractTestNGCucumberTests" name="runScenario" time="73.128"/>
  <testcase classname="io.cucumber.testng.AbstractTestNGCucumberTests" name="runScenario" time="71.471"/>
</testsuite> <!-- Test -->
