<?xml version="1.0" encoding="UTF-8"?>
<!-- Generated by org.testng.reporters.JUnitXMLReporter -->
<testsuite ignored="0" hostname="INSML-H55MD6M" failures="10" tests="10" name="Test" time="0.341" errors="0" timestamp="2022-12-17T02:41:50 IST">
  <testcase classname="io.cucumber.testng.AbstractTestNGCucumberTests" name="runScenario" time="0.059">
    <failure type="java.lang.NullPointerException" message="Cannot invoke &amp;quot;org.openqa.selenium.WebDriver.get(String)&amp;quot; because &amp;quot;com.paraBanking.stepDefinitions.ParaBankStepDefinitions.driver&amp;quot; is null">
      <![CDATA[java.lang.NullPointerException: Cannot invoke "org.openqa.selenium.WebDriver.get(String)" because "com.paraBanking.stepDefinitions.ParaBankStepDefinitions.driver" is null
at com.paraBanking.stepDefinitions.ParaBankStepDefinitions.openParaBank(ParaBankStepDefinitions.java:106)
at ✽.Open the paraBanking Website(file:///Users/snimma868/Demo/paraBanking/src/test/resources/Login.feature:4)
]]>
    </failure>
  </testcase> <!-- runScenario -->
  <testcase classname="io.cucumber.testng.AbstractTestNGCucumberTests" name="runScenario" time="0.006">
    <failure type="java.lang.NullPointerException" message="Cannot invoke &amp;quot;org.openqa.selenium.WebDriver.get(String)&amp;quot; because &amp;quot;com.paraBanking.stepDefinitions.ParaBankStepDefinitions.driver&amp;quot; is null">
      <![CDATA[java.lang.NullPointerException: Cannot invoke "org.openqa.selenium.WebDriver.get(String)" because "com.paraBanking.stepDefinitions.ParaBankStepDefinitions.driver" is null
at com.paraBanking.stepDefinitions.ParaBankStepDefinitions.openParaBank(ParaBankStepDefinitions.java:106)
at ✽.Open the paraBanking Website(file:///Users/snimma868/Demo/paraBanking/src/test/resources/Login.feature:17)
]]>
    </failure>
  </testcase> <!-- runScenario -->
  <testcase classname="io.cucumber.testng.AbstractTestNGCucumberTests" name="runScenario" time="0.004">
    <failure type="java.lang.NullPointerException" message="Cannot invoke &amp;quot;org.openqa.selenium.WebDriver.get(String)&amp;quot; because &amp;quot;com.paraBanking.stepDefinitions.ParaBankStepDefinitions.driver&amp;quot; is null">
      <![CDATA[java.lang.NullPointerException: Cannot invoke "org.openqa.selenium.WebDriver.get(String)" because "com.paraBanking.stepDefinitions.ParaBankStepDefinitions.driver" is null
at com.paraBanking.stepDefinitions.ParaBankStepDefinitions.openParaBank(ParaBankStepDefinitions.java:106)
at ✽.Open the paraBanking Website(file:///Users/snimma868/Demo/paraBanking/src/test/resources/Login.feature:34)
]]>
    </failure>
  </testcase> <!-- runScenario -->
  <testcase classname="io.cucumber.testng.AbstractTestNGCucumberTests" name="runScenario" time="0.004">
    <failure type="java.lang.NullPointerException" message="Cannot invoke &amp;quot;org.openqa.selenium.WebDriver.get(String)&amp;quot; because &amp;quot;com.paraBanking.stepDefinitions.ParaBankStepDefinitions.driver&amp;quot; is null">
      <![CDATA[java.lang.NullPointerException: Cannot invoke "org.openqa.selenium.WebDriver.get(String)" because "com.paraBanking.stepDefinitions.ParaBankStepDefinitions.driver" is null
at com.paraBanking.stepDefinitions.ParaBankStepDefinitions.openParaBank(ParaBankStepDefinitions.java:106)
at ✽.Open the paraBanking Website(file:///Users/snimma868/Demo/paraBanking/src/test/resources/Login.feature:34)
]]>
    </failure>
  </testcase> <!-- runScenario -->
  <testcase classname="io.cucumber.testng.AbstractTestNGCucumberTests" name="runScenario" time="0.004">
    <failure type="java.lang.NullPointerException" message="Cannot invoke &amp;quot;org.openqa.selenium.WebDriver.get(String)&amp;quot; because &amp;quot;com.paraBanking.stepDefinitions.ParaBankStepDefinitions.driver&amp;quot; is null">
      <![CDATA[java.lang.NullPointerException: Cannot invoke "org.openqa.selenium.WebDriver.get(String)" because "com.paraBanking.stepDefinitions.ParaBankStepDefinitions.driver" is null
at com.paraBanking.stepDefinitions.ParaBankStepDefinitions.openParaBank(ParaBankStepDefinitions.java:106)
at ✽.Open the paraBanking Website(file:///Users/snimma868/Demo/paraBanking/src/test/resources/Login.feature:34)
]]>
    </failure>
  </testcase> <!-- runScenario -->
  <testcase classname="io.cucumber.testng.AbstractTestNGCucumberTests" name="runScenario" time="0.004">
    <failure type="java.lang.NullPointerException" message="Cannot invoke &amp;quot;org.openqa.selenium.WebDriver.get(String)&amp;quot; because &amp;quot;com.paraBanking.stepDefinitions.ParaBankStepDefinitions.driver&amp;quot; is null">
      <![CDATA[java.lang.NullPointerException: Cannot invoke "org.openqa.selenium.WebDriver.get(String)" because "com.paraBanking.stepDefinitions.ParaBankStepDefinitions.driver" is null
at com.paraBanking.stepDefinitions.ParaBankStepDefinitions.openParaBank(ParaBankStepDefinitions.java:106)
at ✽.Open the paraBanking Website(file:///Users/snimma868/Demo/paraBanking/src/test/resources/Login.feature:34)
]]>
    </failure>
  </testcase> <!-- runScenario -->
  <testcase classname="io.cucumber.testng.AbstractTestNGCucumberTests" name="runScenario" time="0.003">
    <failure type="java.lang.NullPointerException" message="Cannot invoke &amp;quot;org.openqa.selenium.WebDriver.get(String)&amp;quot; because &amp;quot;com.paraBanking.stepDefinitions.ParaBankStepDefinitions.driver&amp;quot; is null">
      <![CDATA[java.lang.NullPointerException: Cannot invoke "org.openqa.selenium.WebDriver.get(String)" because "com.paraBanking.stepDefinitions.ParaBankStepDefinitions.driver" is null
at com.paraBanking.stepDefinitions.ParaBankStepDefinitions.openParaBank(ParaBankStepDefinitions.java:106)
at ✽.Open the paraBanking Website(file:///Users/snimma868/Demo/paraBanking/src/test/resources/Login.feature:34)
]]>
    </failure>
  </testcase> <!-- runScenario -->
  <testcase classname="io.cucumber.testng.AbstractTestNGCucumberTests" name="runScenario" time="0.004">
    <failure type="java.lang.NullPointerException" message="Cannot invoke &amp;quot;org.openqa.selenium.WebDriver.get(String)&amp;quot; because &amp;quot;com.paraBanking.stepDefinitions.ParaBankStepDefinitions.driver&amp;quot; is null">
      <![CDATA[java.lang.NullPointerException: Cannot invoke "org.openqa.selenium.WebDriver.get(String)" because "com.paraBanking.stepDefinitions.ParaBankStepDefinitions.driver" is null
at com.paraBanking.stepDefinitions.ParaBankStepDefinitions.openParaBank(ParaBankStepDefinitions.java:106)
at ✽.Open the paraBanking Website(file:///Users/snimma868/Demo/paraBanking/src/test/resources/Login.feature:34)
]]>
    </failure>
  </testcase> <!-- runScenario -->
  <testcase classname="io.cucumber.testng.AbstractTestNGCucumberTests" name="runScenario" time="0.008">
    <failure type="java.lang.NullPointerException" message="Cannot invoke &amp;quot;org.openqa.selenium.WebDriver.get(String)&amp;quot; because &amp;quot;com.paraBanking.stepDefinitions.ParaBankStepDefinitions.driver&amp;quot; is null">
      <![CDATA[java.lang.NullPointerException: Cannot invoke "org.openqa.selenium.WebDriver.get(String)" because "com.paraBanking.stepDefinitions.ParaBankStepDefinitions.driver" is null
at com.paraBanking.stepDefinitions.ParaBankStepDefinitions.openParaBank(ParaBankStepDefinitions.java:106)
at ✽.Open the paraBanking Website(file:///Users/snimma868/Demo/paraBanking/src/test/resources/Login.feature:34)
]]>
    </failure>
  </testcase> <!-- runScenario -->
  <testcase classname="io.cucumber.testng.AbstractTestNGCucumberTests" name="runScenario" time="0.003">
    <failure type="java.lang.NullPointerException" message="Cannot invoke &amp;quot;org.openqa.selenium.WebDriver.get(String)&amp;quot; because &amp;quot;com.paraBanking.stepDefinitions.ParaBankStepDefinitions.driver&amp;quot; is null">
      <![CDATA[java.lang.NullPointerException: Cannot invoke "org.openqa.selenium.WebDriver.get(String)" because "com.paraBanking.stepDefinitions.ParaBankStepDefinitions.driver" is null
at com.paraBanking.stepDefinitions.ParaBankStepDefinitions.openParaBank(ParaBankStepDefinitions.java:106)
at ✽.Open the paraBanking Website(file:///Users/snimma868/Demo/paraBanking/src/test/resources/Login.feature:34)
]]>
    </failure>
  </testcase> <!-- runScenario -->
</testsuite> <!-- Test -->
