-------------------------------------------------------------------------------
Test set: com.paraBanking.TestRunner.TestRunner
-------------------------------------------------------------------------------
Tests run: 10, Failures: 1, Errors: 0, Skipped: 0, Time elapsed: 770.556 s <<< FAILURE! - in com.paraBanking.TestRunner.TestRunner
runScenario(com.paraBanking.TestRunner.TestRunner)  Time elapsed: 125.396 s  <<< FAILURE!
java.lang.AssertionError: Amount didn't get credited to Riya

