<?xml version="1.0" encoding="UTF-8"?>
<testng-results ignored="0" total="10" passed="9" failed="1" skipped="0">
  <reporter-output>
  </reporter-output>
  <suite started-at="2022-12-17T12:08:08 IST" name="Surefire suite" finished-at="2022-12-17T12:20:58 IST" duration-ms="770275">
    <groups>
      <group name="cucumber">
        <method signature="AbstractTestNGCucumberTests.runScenario(io.cucumber.testng.PickleWrapper,io.cucumber.testng.FeatureWrapper)[pri:0, instance:com.paraBanking.TestRunner.TestRunner@446293d]" name="runScenario" class="io.cucumber.testng.AbstractTestNGCucumberTests"/>
      </group> <!-- cucumber -->
    </groups>
    <test started-at="2022-12-17T12:08:08 IST" name="Surefire test" finished-at="2022-12-17T12:20:58 IST" duration-ms="770275">
      <class name="com.paraBanking.TestRunner.TestRunner">
        <test-method is-config="true" signature="setUpClass(org.testng.ITestContext)[pri:0, instance:com.paraBanking.TestRunner.TestRunner@446293d]" started-at="2022-12-17T12:08:08 IST" name="setUpClass" finished-at="2022-12-17T12:08:08 IST" duration-ms="194" status="PASS">
          <params>
            <param index="0">
              <value>
                <![CDATA[org.testng.TestRunner@51d80f6e]]>
              </value>
            </param>
          </params>
          <reporter-output>
          </reporter-output>
        </test-method> <!-- setUpClass -->
        <test-method signature="runScenario(io.cucumber.testng.PickleWrapper,io.cucumber.testng.FeatureWrapper)[pri:0, instance:com.paraBanking.TestRunner.TestRunner@446293d]" started-at="2022-12-17T12:08:08 IST" name="runScenario" description="Runs Cucumber Scenarios" data-provider="scenarios" finished-at="2022-12-17T12:09:12 IST" duration-ms="63786" status="PASS">
          <params>
            <param index="0">
              <value>
                <![CDATA["Create Savings account and Verify Account Details page"]]>
              </value>
            </param>
            <param index="1">
              <value>
                <![CDATA["Automate ParaBank Website using cucumber,selenium,testng and java"]]>
              </value>
            </param>
          </params>
          <reporter-output>
          </reporter-output>
        </test-method> <!-- runScenario -->
        <test-method signature="runScenario(io.cucumber.testng.PickleWrapper,io.cucumber.testng.FeatureWrapper)[pri:0, instance:com.paraBanking.TestRunner.TestRunner@446293d]" started-at="2022-12-17T12:09:12 IST" name="runScenario" description="Runs Cucumber Scenarios" data-provider="scenarios" finished-at="2022-12-17T12:11:17 IST" duration-ms="125393" status="FAIL">
          <params>
            <param index="0">
              <value>
                <![CDATA["Bill Payment"]]>
              </value>
            </param>
            <param index="1">
              <value>
                <![CDATA["Automate ParaBank Website using cucumber,selenium,testng and java"]]>
              </value>
            </param>
          </params>
          <exception class="java.lang.AssertionError">
            <message>
              <![CDATA[Amount didn't get credited to Riya]]>
            </message>
            <full-stacktrace>
              <![CDATA[java.lang.AssertionError: Amount didn't get credited to Riya
at org.testng.Assert.fail(Assert.java:110)
at com.paraBanking.stepDefinitions.ParaBankStepDefinitions.verifyBalanceAndTransactionTable(ParaBankStepDefinitions.java:307)
at ✽.Verify that balance and transaction table details of Checking account is correct after receiving amount of 50 <from-to> Riya(file:///Users/snimma868/Demo/paraBanking/src/test/resources/Login.feature:27)
]]>
            </full-stacktrace>
          </exception> <!-- java.lang.AssertionError -->
          <reporter-output>
          </reporter-output>
        </test-method> <!-- runScenario -->
        <test-method signature="runScenario(io.cucumber.testng.PickleWrapper,io.cucumber.testng.FeatureWrapper)[pri:0, instance:com.paraBanking.TestRunner.TestRunner@446293d]" started-at="2022-12-17T12:11:17 IST" name="runScenario" description="Runs Cucumber Scenarios" data-provider="scenarios" finished-at="2022-12-17T12:12:32 IST" duration-ms="74274" status="PASS">
          <params>
            <param index="0">
              <value>
                <![CDATA["Bill Pay Form Validations"]]>
              </value>
            </param>
            <param index="1">
              <value>
                <![CDATA["Automate ParaBank Website using cucumber,selenium,testng and java"]]>
              </value>
            </param>
          </params>
          <reporter-output>
          </reporter-output>
        </test-method> <!-- runScenario -->
        <test-method signature="runScenario(io.cucumber.testng.PickleWrapper,io.cucumber.testng.FeatureWrapper)[pri:0, instance:com.paraBanking.TestRunner.TestRunner@446293d]" started-at="2022-12-17T12:12:32 IST" name="runScenario" description="Runs Cucumber Scenarios" data-provider="scenarios" finished-at="2022-12-17T12:13:44 IST" duration-ms="72920" status="PASS">
          <params>
            <param index="0">
              <value>
                <![CDATA["Bill Pay Form Validations"]]>
              </value>
            </param>
            <param index="1">
              <value>
                <![CDATA["Automate ParaBank Website using cucumber,selenium,testng and java"]]>
              </value>
            </param>
          </params>
          <reporter-output>
          </reporter-output>
        </test-method> <!-- runScenario -->
        <test-method signature="runScenario(io.cucumber.testng.PickleWrapper,io.cucumber.testng.FeatureWrapper)[pri:0, instance:com.paraBanking.TestRunner.TestRunner@446293d]" started-at="2022-12-17T12:13:44 IST" name="runScenario" description="Runs Cucumber Scenarios" data-provider="scenarios" finished-at="2022-12-17T12:14:56 IST" duration-ms="72004" status="PASS">
          <params>
            <param index="0">
              <value>
                <![CDATA["Bill Pay Form Validations"]]>
              </value>
            </param>
            <param index="1">
              <value>
                <![CDATA["Automate ParaBank Website using cucumber,selenium,testng and java"]]>
              </value>
            </param>
          </params>
          <reporter-output>
          </reporter-output>
        </test-method> <!-- runScenario -->
        <test-method signature="runScenario(io.cucumber.testng.PickleWrapper,io.cucumber.testng.FeatureWrapper)[pri:0, instance:com.paraBanking.TestRunner.TestRunner@446293d]" started-at="2022-12-17T12:14:56 IST" name="runScenario" description="Runs Cucumber Scenarios" data-provider="scenarios" finished-at="2022-12-17T12:16:10 IST" duration-ms="73091" status="PASS">
          <params>
            <param index="0">
              <value>
                <![CDATA["Bill Pay Form Validations"]]>
              </value>
            </param>
            <param index="1">
              <value>
                <![CDATA["Automate ParaBank Website using cucumber,selenium,testng and java"]]>
              </value>
            </param>
          </params>
          <reporter-output>
          </reporter-output>
        </test-method> <!-- runScenario -->
        <test-method signature="runScenario(io.cucumber.testng.PickleWrapper,io.cucumber.testng.FeatureWrapper)[pri:0, instance:com.paraBanking.TestRunner.TestRunner@446293d]" started-at="2022-12-17T12:16:10 IST" name="runScenario" description="Runs Cucumber Scenarios" data-provider="scenarios" finished-at="2022-12-17T12:17:21 IST" duration-ms="71576" status="PASS">
          <params>
            <param index="0">
              <value>
                <![CDATA["Bill Pay Form Validations"]]>
              </value>
            </param>
            <param index="1">
              <value>
                <![CDATA["Automate ParaBank Website using cucumber,selenium,testng and java"]]>
              </value>
            </param>
          </params>
          <reporter-output>
          </reporter-output>
        </test-method> <!-- runScenario -->
        <test-method signature="runScenario(io.cucumber.testng.PickleWrapper,io.cucumber.testng.FeatureWrapper)[pri:0, instance:com.paraBanking.TestRunner.TestRunner@446293d]" started-at="2022-12-17T12:17:21 IST" name="runScenario" description="Runs Cucumber Scenarios" data-provider="scenarios" finished-at="2022-12-17T12:18:33 IST" duration-ms="72124" status="PASS">
          <params>
            <param index="0">
              <value>
                <![CDATA["Bill Pay Form Validations"]]>
              </value>
            </param>
            <param index="1">
              <value>
                <![CDATA["Automate ParaBank Website using cucumber,selenium,testng and java"]]>
              </value>
            </param>
          </params>
          <reporter-output>
          </reporter-output>
        </test-method> <!-- runScenario -->
        <test-method signature="runScenario(io.cucumber.testng.PickleWrapper,io.cucumber.testng.FeatureWrapper)[pri:0, instance:com.paraBanking.TestRunner.TestRunner@446293d]" started-at="2022-12-17T12:18:33 IST" name="runScenario" description="Runs Cucumber Scenarios" data-provider="scenarios" finished-at="2022-12-17T12:19:46 IST" duration-ms="73023" status="PASS">
          <params>
            <param index="0">
              <value>
                <![CDATA["Bill Pay Form Validations"]]>
              </value>
            </param>
            <param index="1">
              <value>
                <![CDATA["Automate ParaBank Website using cucumber,selenium,testng and java"]]>
              </value>
            </param>
          </params>
          <reporter-output>
          </reporter-output>
        </test-method> <!-- runScenario -->
        <test-method signature="runScenario(io.cucumber.testng.PickleWrapper,io.cucumber.testng.FeatureWrapper)[pri:0, instance:com.paraBanking.TestRunner.TestRunner@446293d]" started-at="2022-12-17T12:19:46 IST" name="runScenario" description="Runs Cucumber Scenarios" data-provider="scenarios" finished-at="2022-12-17T12:20:58 IST" duration-ms="71858" status="PASS">
          <params>
            <param index="0">
              <value>
                <![CDATA["Bill Pay Form Validations"]]>
              </value>
            </param>
            <param index="1">
              <value>
                <![CDATA["Automate ParaBank Website using cucumber,selenium,testng and java"]]>
              </value>
            </param>
          </params>
          <reporter-output>
          </reporter-output>
        </test-method> <!-- runScenario -->
        <test-method is-config="true" signature="tearDownClass()[pri:0, instance:com.paraBanking.TestRunner.TestRunner@446293d]" started-at="2022-12-17T12:20:58 IST" name="tearDownClass" finished-at="2022-12-17T12:20:58 IST" duration-ms="4" status="PASS">
          <reporter-output>
          </reporter-output>
        </test-method> <!-- tearDownClass -->
      </class> <!-- com.paraBanking.TestRunner.TestRunner -->
    </test> <!-- Surefire test -->
  </suite> <!-- Surefire suite -->
</testng-results>
