<?xml version="1.0" encoding="UTF-8"?>
<testsuite xmlns:xsi="http://www.w3.org/2001/XMLSchema-instance" xsi:noNamespaceSchemaLocation="https://maven.apache.org/surefire/maven-surefire-plugin/xsd/surefire-test-report.xsd" name="com.paraBanking.TestRunner.TestRunner" time="770.556" tests="10" errors="0" skipped="0" failures="1">
  <properties>
[...]
</properties>
  <testcase name="runScenario" classname="com.paraBanking.TestRunner.TestRunner" time="63.788"/>
  <testcase name="runScenario" classname="com.paraBanking.TestRunner.TestRunner" time="125.396">
    <failure message="Amount didn&apos;t get credited to Riya" type="java.lang.AssertionError">java.lang.AssertionError: Amount didn't get credited to Riya
</failure>
    <system-out><![CDATA[2022-12-17 12:09:18 INFO  paraBanking:104 - URL is opened
  ]]></system-out>
    <system-err><![CDATA[Starting ChromeDriver 108.0.5359.71 (1e0e3868ee06e91ad636a874420e3ca3ae3756ac-refs/branch-heads/5359@{#1016}) on port 26485
Only local connections are allowed.
Please see https://chromedriver.chromium.org/security-considerations for suggestions on keeping ChromeDriver safe.
ChromeDriver was started successfully.
Dec 17, 2022 12:09:13 PM org.openqa.selenium.devtools.CdpVersionFinder findNearestMatch
WARNING: Unable to find an exact match for CDP version 108, so returning the closest version found: 107
]]></system-err>
  </testcase>
  <testcase name="runScenario" classname="com.paraBanking.TestRunner.TestRunner" time="74.273"/>
  <testcase name="runScenario" classname="com.paraBanking.TestRunner.TestRunner" time="72.92"/>
  <testcase name="runScenario" classname="com.paraBanking.TestRunner.TestRunner" time="72.004"/>
  <testcase name="runScenario" classname="com.paraBanking.TestRunner.TestRunner" time="73.091"/>
  <testcase name="runScenario" classname="com.paraBanking.TestRunner.TestRunner" time="71.577"/>
  <testcase name="runScenario" classname="com.paraBanking.TestRunner.TestRunner" time="72.124"/>
  <testcase name="runScenario" classname="com.paraBanking.TestRunner.TestRunner" time="73.022"/>
  <testcase name="runScenario" classname="com.paraBanking.TestRunner.TestRunner" time="71.858"/>
</testsuite>