<?xml version="1.0" encoding="UTF-8"?>
<testng-results ignored="0" total="11" passed="10" failed="1" skipped="0">
  <reporter-output>
  </reporter-output>
  <suite started-at="2022-12-18T15:14:41 IST" name="Suite" finished-at="2022-12-18T15:28:49 IST" duration-ms="848396">
    <groups>
      <group name="cucumber">
        <method signature="AbstractTestNGCucumberTests.runScenario(io.cucumber.testng.PickleWrapper,io.cucumber.testng.FeatureWrapper)[pri:0, instance:com.paraBanking.TestRunner.TestRunner@28cda624]" name="runScenario" class="io.cucumber.testng.AbstractTestNGCucumberTests"/>
      </group> <!-- cucumber -->
    </groups>
    <test started-at="2022-12-18T15:14:41 IST" name="Test" finished-at="2022-12-18T15:28:49 IST" duration-ms="848396">
      <class name="com.paraBanking.TestRunner.TestRunner">
        <test-method is-config="true" signature="setUpClass(org.testng.ITestContext)[pri:0, instance:com.paraBanking.TestRunner.TestRunner@28cda624]" started-at="2022-12-18T15:14:41 IST" name="setUpClass" finished-at="2022-12-18T15:14:41 IST" duration-ms="145" status="PASS">
          <params>
            <param index="0">
              <value>
                <![CDATA[org.testng.TestRunner@35cf7e98]]>
              </value>
            </param>
          </params>
          <reporter-output>
          </reporter-output>
        </test-method> <!-- setUpClass -->
        <test-method signature="runScenario(io.cucumber.testng.PickleWrapper,io.cucumber.testng.FeatureWrapper)[pri:0, instance:com.paraBanking.TestRunner.TestRunner@28cda624]" started-at="2022-12-18T15:14:41 IST" name="runScenario" description="Runs Cucumber Scenarios" data-provider="scenarios" finished-at="2022-12-18T15:15:43 IST" duration-ms="61833" status="PASS">
          <params>
            <param index="0">
              <value>
                <![CDATA["Create Savings account and Verify Account Details page"]]>
              </value>
            </param>
            <param index="1">
              <value>
                <![CDATA["Automate ParaBank Website using cucumber,selenium,testng and java"]]>
              </value>
            </param>
          </params>
          <reporter-output>
          </reporter-output>
        </test-method> <!-- runScenario -->
        <test-method signature="runScenario(io.cucumber.testng.PickleWrapper,io.cucumber.testng.FeatureWrapper)[pri:0, instance:com.paraBanking.TestRunner.TestRunner@28cda624]" started-at="2022-12-18T15:15:43 IST" name="runScenario" description="Runs Cucumber Scenarios" data-provider="scenarios" finished-at="2022-12-18T15:17:47 IST" duration-ms="124159" status="FAIL">
          <params>
            <param index="0">
              <value>
                <![CDATA["Bill Payment"]]>
              </value>
            </param>
            <param index="1">
              <value>
                <![CDATA["Automate ParaBank Website using cucumber,selenium,testng and java"]]>
              </value>
            </param>
          </params>
          <exception class="java.lang.AssertionError">
            <message>
              <![CDATA[Amount didn't get credited to Riya]]>
            </message>
            <full-stacktrace>
              <![CDATA[java.lang.AssertionError: Amount didn't get credited to Riya
at org.testng.Assert.fail(Assert.java:110)
at com.paraBanking.stepDefinitions.ParaBankStepDefinitions.verifyBalanceAndTransactionTable(ParaBankStepDefinitions.java:309)
at ✽.Verify that balance and transaction table details of Checking account is correct after receiving amount of 50 from Riya(file:///Users/snimma868/Demo/paraBanking/src/test/resources/paraBanking.feature:23)
]]>
            </full-stacktrace>
          </exception> <!-- java.lang.AssertionError -->
          <reporter-output>
          </reporter-output>
        </test-method> <!-- runScenario -->
        <test-method signature="runScenario(io.cucumber.testng.PickleWrapper,io.cucumber.testng.FeatureWrapper)[pri:0, instance:com.paraBanking.TestRunner.TestRunner@28cda624]" started-at="2022-12-18T15:17:47 IST" name="runScenario" description="Runs Cucumber Scenarios" data-provider="scenarios" finished-at="2022-12-18T15:19:01 IST" duration-ms="73669" status="PASS">
          <params>
            <param index="0">
              <value>
                <![CDATA["Bill Pay Form Validations"]]>
              </value>
            </param>
            <param index="1">
              <value>
                <![CDATA["Automate ParaBank Website using cucumber,selenium,testng and java"]]>
              </value>
            </param>
          </params>
          <reporter-output>
          </reporter-output>
        </test-method> <!-- runScenario -->
        <test-method signature="runScenario(io.cucumber.testng.PickleWrapper,io.cucumber.testng.FeatureWrapper)[pri:0, instance:com.paraBanking.TestRunner.TestRunner@28cda624]" started-at="2022-12-18T15:19:01 IST" name="runScenario" description="Runs Cucumber Scenarios" data-provider="scenarios" finished-at="2022-12-18T15:20:14 IST" duration-ms="73345" status="PASS">
          <params>
            <param index="0">
              <value>
                <![CDATA["Bill Pay Form Validations"]]>
              </value>
            </param>
            <param index="1">
              <value>
                <![CDATA["Automate ParaBank Website using cucumber,selenium,testng and java"]]>
              </value>
            </param>
          </params>
          <reporter-output>
          </reporter-output>
        </test-method> <!-- runScenario -->
        <test-method signature="runScenario(io.cucumber.testng.PickleWrapper,io.cucumber.testng.FeatureWrapper)[pri:0, instance:com.paraBanking.TestRunner.TestRunner@28cda624]" started-at="2022-12-18T15:20:14 IST" name="runScenario" description="Runs Cucumber Scenarios" data-provider="scenarios" finished-at="2022-12-18T15:21:26 IST" duration-ms="72349" status="PASS">
          <params>
            <param index="0">
              <value>
                <![CDATA["Bill Pay Form Validations"]]>
              </value>
            </param>
            <param index="1">
              <value>
                <![CDATA["Automate ParaBank Website using cucumber,selenium,testng and java"]]>
              </value>
            </param>
          </params>
          <reporter-output>
          </reporter-output>
        </test-method> <!-- runScenario -->
        <test-method signature="runScenario(io.cucumber.testng.PickleWrapper,io.cucumber.testng.FeatureWrapper)[pri:0, instance:com.paraBanking.TestRunner.TestRunner@28cda624]" started-at="2022-12-18T15:21:26 IST" name="runScenario" description="Runs Cucumber Scenarios" data-provider="scenarios" finished-at="2022-12-18T15:22:39 IST" duration-ms="72178" status="PASS">
          <params>
            <param index="0">
              <value>
                <![CDATA["Bill Pay Form Validations"]]>
              </value>
            </param>
            <param index="1">
              <value>
                <![CDATA["Automate ParaBank Website using cucumber,selenium,testng and java"]]>
              </value>
            </param>
          </params>
          <reporter-output>
          </reporter-output>
        </test-method> <!-- runScenario -->
        <test-method signature="runScenario(io.cucumber.testng.PickleWrapper,io.cucumber.testng.FeatureWrapper)[pri:0, instance:com.paraBanking.TestRunner.TestRunner@28cda624]" started-at="2022-12-18T15:22:39 IST" name="runScenario" description="Runs Cucumber Scenarios" data-provider="scenarios" finished-at="2022-12-18T15:23:59 IST" duration-ms="79947" status="PASS">
          <params>
            <param index="0">
              <value>
                <![CDATA["Bill Pay Form Validations"]]>
              </value>
            </param>
            <param index="1">
              <value>
                <![CDATA["Automate ParaBank Website using cucumber,selenium,testng and java"]]>
              </value>
            </param>
          </params>
          <reporter-output>
          </reporter-output>
        </test-method> <!-- runScenario -->
        <test-method signature="runScenario(io.cucumber.testng.PickleWrapper,io.cucumber.testng.FeatureWrapper)[pri:0, instance:com.paraBanking.TestRunner.TestRunner@28cda624]" started-at="2022-12-18T15:23:59 IST" name="runScenario" description="Runs Cucumber Scenarios" data-provider="scenarios" finished-at="2022-12-18T15:25:11 IST" duration-ms="72799" status="PASS">
          <params>
            <param index="0">
              <value>
                <![CDATA["Bill Pay Form Validations"]]>
              </value>
            </param>
            <param index="1">
              <value>
                <![CDATA["Automate ParaBank Website using cucumber,selenium,testng and java"]]>
              </value>
            </param>
          </params>
          <reporter-output>
          </reporter-output>
        </test-method> <!-- runScenario -->
        <test-method signature="runScenario(io.cucumber.testng.PickleWrapper,io.cucumber.testng.FeatureWrapper)[pri:0, instance:com.paraBanking.TestRunner.TestRunner@28cda624]" started-at="2022-12-18T15:25:11 IST" name="runScenario" description="Runs Cucumber Scenarios" data-provider="scenarios" finished-at="2022-12-18T15:26:24 IST" duration-ms="72244" status="PASS">
          <params>
            <param index="0">
              <value>
                <![CDATA["Bill Pay Form Validations"]]>
              </value>
            </param>
            <param index="1">
              <value>
                <![CDATA["Automate ParaBank Website using cucumber,selenium,testng and java"]]>
              </value>
            </param>
          </params>
          <reporter-output>
          </reporter-output>
        </test-method> <!-- runScenario -->
        <test-method signature="runScenario(io.cucumber.testng.PickleWrapper,io.cucumber.testng.FeatureWrapper)[pri:0, instance:com.paraBanking.TestRunner.TestRunner@28cda624]" started-at="2022-12-18T15:26:24 IST" name="runScenario" description="Runs Cucumber Scenarios" data-provider="scenarios" finished-at="2022-12-18T15:27:36 IST" duration-ms="72871" status="PASS">
          <params>
            <param index="0">
              <value>
                <![CDATA["Bill Pay Form Validations"]]>
              </value>
            </param>
            <param index="1">
              <value>
                <![CDATA["Automate ParaBank Website using cucumber,selenium,testng and java"]]>
              </value>
            </param>
          </params>
          <reporter-output>
          </reporter-output>
        </test-method> <!-- runScenario -->
        <test-method signature="runScenario(io.cucumber.testng.PickleWrapper,io.cucumber.testng.FeatureWrapper)[pri:0, instance:com.paraBanking.TestRunner.TestRunner@28cda624]" started-at="2022-12-18T15:27:36 IST" name="runScenario" description="Runs Cucumber Scenarios" data-provider="scenarios" finished-at="2022-12-18T15:28:49 IST" duration-ms="72606" status="PASS">
          <params>
            <param index="0">
              <value>
                <![CDATA["Bill Pay Form Validations"]]>
              </value>
            </param>
            <param index="1">
              <value>
                <![CDATA["Automate ParaBank Website using cucumber,selenium,testng and java"]]>
              </value>
            </param>
          </params>
          <reporter-output>
          </reporter-output>
        </test-method> <!-- runScenario -->
        <test-method is-config="true" signature="tearDownClass()[pri:0, instance:com.paraBanking.TestRunner.TestRunner@28cda624]" started-at="2022-12-18T15:28:49 IST" name="tearDownClass" finished-at="2022-12-18T15:28:49 IST" duration-ms="5" status="PASS">
          <reporter-output>
          </reporter-output>
        </test-method> <!-- tearDownClass -->
      </class> <!-- com.paraBanking.TestRunner.TestRunner -->
    </test> <!-- Test -->
  </suite> <!-- Suite -->
</testng-results>
