<?xml version="1.0" encoding="UTF-8"?>
<testng-results ignored="0" total="10" passed="0" failed="10" skipped="0">
  <reporter-output>
  </reporter-output>
  <suite started-at="2022-12-17T02:41:50 IST" name="Suite" finished-at="2022-12-17T02:41:50 IST" duration-ms="341">
    <groups>
      <group name="cucumber">
        <method signature="AbstractTestNGCucumberTests.runScenario(io.cucumber.testng.PickleWrapper,io.cucumber.testng.FeatureWrapper)[pri:0, instance:com.paraBanking.TestRunner.TestRunner@17f62e33]" name="runScenario" class="io.cucumber.testng.AbstractTestNGCucumberTests"/>
      </group> <!-- cucumber -->
    </groups>
    <test started-at="2022-12-17T02:41:50 IST" name="Test" finished-at="2022-12-17T02:41:50 IST" duration-ms="341">
      <class name="com.paraBanking.TestRunner.TestRunner">
        <test-method is-config="true" signature="setUpClass(org.testng.ITestContext)[pri:0, instance:com.paraBanking.TestRunner.TestRunner@17f62e33]" started-at="2022-12-17T02:41:50 IST" name="setUpClass" finished-at="2022-12-17T02:41:50 IST" duration-ms="198" status="PASS">
          <params>
            <param index="0">
              <value>
                <![CDATA[org.testng.TestRunner@5860f3d7]]>
              </value>
            </param>
          </params>
          <reporter-output>
          </reporter-output>
        </test-method> <!-- setUpClass -->
        <test-method signature="runScenario(io.cucumber.testng.PickleWrapper,io.cucumber.testng.FeatureWrapper)[pri:0, instance:com.paraBanking.TestRunner.TestRunner@17f62e33]" started-at="2022-12-17T02:41:50 IST" name="runScenario" description="Runs Cucumber Scenarios" data-provider="scenarios" finished-at="2022-12-17T02:41:50 IST" duration-ms="59" status="FAIL">
          <params>
            <param index="0">
              <value>
                <![CDATA["Create Savings account and Verify Account Details page"]]>
              </value>
            </param>
            <param index="1">
              <value>
                <![CDATA["Automate ParaBank Website using cucumber,selenium,testng and java"]]>
              </value>
            </param>
          </params>
          <exception class="java.lang.NullPointerException">
            <message>
              <![CDATA[Cannot invoke "org.openqa.selenium.WebDriver.get(String)" because "com.paraBanking.stepDefinitions.ParaBankStepDefinitions.driver" is null]]>
            </message>
            <full-stacktrace>
              <![CDATA[java.lang.NullPointerException: Cannot invoke "org.openqa.selenium.WebDriver.get(String)" because "com.paraBanking.stepDefinitions.ParaBankStepDefinitions.driver" is null
at com.paraBanking.stepDefinitions.ParaBankStepDefinitions.openParaBank(ParaBankStepDefinitions.java:106)
at ✽.Open the paraBanking Website(file:///Users/snimma868/Demo/paraBanking/src/test/resources/Login.feature:4)
]]>
            </full-stacktrace>
          </exception> <!-- java.lang.NullPointerException -->
          <reporter-output>
          </reporter-output>
        </test-method> <!-- runScenario -->
        <test-method signature="runScenario(io.cucumber.testng.PickleWrapper,io.cucumber.testng.FeatureWrapper)[pri:0, instance:com.paraBanking.TestRunner.TestRunner@17f62e33]" started-at="2022-12-17T02:41:50 IST" name="runScenario" description="Runs Cucumber Scenarios" data-provider="scenarios" finished-at="2022-12-17T02:41:50 IST" duration-ms="6" status="FAIL">
          <params>
            <param index="0">
              <value>
                <![CDATA["Bill Payment"]]>
              </value>
            </param>
            <param index="1">
              <value>
                <![CDATA["Automate ParaBank Website using cucumber,selenium,testng and java"]]>
              </value>
            </param>
          </params>
          <exception class="java.lang.NullPointerException">
            <message>
              <![CDATA[Cannot invoke "org.openqa.selenium.WebDriver.get(String)" because "com.paraBanking.stepDefinitions.ParaBankStepDefinitions.driver" is null]]>
            </message>
            <full-stacktrace>
              <![CDATA[java.lang.NullPointerException: Cannot invoke "org.openqa.selenium.WebDriver.get(String)" because "com.paraBanking.stepDefinitions.ParaBankStepDefinitions.driver" is null
at com.paraBanking.stepDefinitions.ParaBankStepDefinitions.openParaBank(ParaBankStepDefinitions.java:106)
at ✽.Open the paraBanking Website(file:///Users/snimma868/Demo/paraBanking/src/test/resources/Login.feature:17)
]]>
            </full-stacktrace>
          </exception> <!-- java.lang.NullPointerException -->
          <reporter-output>
          </reporter-output>
        </test-method> <!-- runScenario -->
        <test-method signature="runScenario(io.cucumber.testng.PickleWrapper,io.cucumber.testng.FeatureWrapper)[pri:0, instance:com.paraBanking.TestRunner.TestRunner@17f62e33]" started-at="2022-12-17T02:41:50 IST" name="runScenario" description="Runs Cucumber Scenarios" data-provider="scenarios" finished-at="2022-12-17T02:41:50 IST" duration-ms="4" status="FAIL">
          <params>
            <param index="0">
              <value>
                <![CDATA["Bill Pay Form Validations"]]>
              </value>
            </param>
            <param index="1">
              <value>
                <![CDATA["Automate ParaBank Website using cucumber,selenium,testng and java"]]>
              </value>
            </param>
          </params>
          <exception class="java.lang.NullPointerException">
            <message>
              <![CDATA[Cannot invoke "org.openqa.selenium.WebDriver.get(String)" because "com.paraBanking.stepDefinitions.ParaBankStepDefinitions.driver" is null]]>
            </message>
            <full-stacktrace>
              <![CDATA[java.lang.NullPointerException: Cannot invoke "org.openqa.selenium.WebDriver.get(String)" because "com.paraBanking.stepDefinitions.ParaBankStepDefinitions.driver" is null
at com.paraBanking.stepDefinitions.ParaBankStepDefinitions.openParaBank(ParaBankStepDefinitions.java:106)
at ✽.Open the paraBanking Website(file:///Users/snimma868/Demo/paraBanking/src/test/resources/Login.feature:34)
]]>
            </full-stacktrace>
          </exception> <!-- java.lang.NullPointerException -->
          <reporter-output>
          </reporter-output>
        </test-method> <!-- runScenario -->
        <test-method signature="runScenario(io.cucumber.testng.PickleWrapper,io.cucumber.testng.FeatureWrapper)[pri:0, instance:com.paraBanking.TestRunner.TestRunner@17f62e33]" started-at="2022-12-17T02:41:50 IST" name="runScenario" description="Runs Cucumber Scenarios" data-provider="scenarios" finished-at="2022-12-17T02:41:50 IST" duration-ms="4" status="FAIL">
          <params>
            <param index="0">
              <value>
                <![CDATA["Bill Pay Form Validations"]]>
              </value>
            </param>
            <param index="1">
              <value>
                <![CDATA["Automate ParaBank Website using cucumber,selenium,testng and java"]]>
              </value>
            </param>
          </params>
          <exception class="java.lang.NullPointerException">
            <message>
              <![CDATA[Cannot invoke "org.openqa.selenium.WebDriver.get(String)" because "com.paraBanking.stepDefinitions.ParaBankStepDefinitions.driver" is null]]>
            </message>
            <full-stacktrace>
              <![CDATA[java.lang.NullPointerException: Cannot invoke "org.openqa.selenium.WebDriver.get(String)" because "com.paraBanking.stepDefinitions.ParaBankStepDefinitions.driver" is null
at com.paraBanking.stepDefinitions.ParaBankStepDefinitions.openParaBank(ParaBankStepDefinitions.java:106)
at ✽.Open the paraBanking Website(file:///Users/snimma868/Demo/paraBanking/src/test/resources/Login.feature:34)
]]>
            </full-stacktrace>
          </exception> <!-- java.lang.NullPointerException -->
          <reporter-output>
          </reporter-output>
        </test-method> <!-- runScenario -->
        <test-method signature="runScenario(io.cucumber.testng.PickleWrapper,io.cucumber.testng.FeatureWrapper)[pri:0, instance:com.paraBanking.TestRunner.TestRunner@17f62e33]" started-at="2022-12-17T02:41:50 IST" name="runScenario" description="Runs Cucumber Scenarios" data-provider="scenarios" finished-at="2022-12-17T02:41:50 IST" duration-ms="4" status="FAIL">
          <params>
            <param index="0">
              <value>
                <![CDATA["Bill Pay Form Validations"]]>
              </value>
            </param>
            <param index="1">
              <value>
                <![CDATA["Automate ParaBank Website using cucumber,selenium,testng and java"]]>
              </value>
            </param>
          </params>
          <exception class="java.lang.NullPointerException">
            <message>
              <![CDATA[Cannot invoke "org.openqa.selenium.WebDriver.get(String)" because "com.paraBanking.stepDefinitions.ParaBankStepDefinitions.driver" is null]]>
            </message>
            <full-stacktrace>
              <![CDATA[java.lang.NullPointerException: Cannot invoke "org.openqa.selenium.WebDriver.get(String)" because "com.paraBanking.stepDefinitions.ParaBankStepDefinitions.driver" is null
at com.paraBanking.stepDefinitions.ParaBankStepDefinitions.openParaBank(ParaBankStepDefinitions.java:106)
at ✽.Open the paraBanking Website(file:///Users/snimma868/Demo/paraBanking/src/test/resources/Login.feature:34)
]]>
            </full-stacktrace>
          </exception> <!-- java.lang.NullPointerException -->
          <reporter-output>
          </reporter-output>
        </test-method> <!-- runScenario -->
        <test-method signature="runScenario(io.cucumber.testng.PickleWrapper,io.cucumber.testng.FeatureWrapper)[pri:0, instance:com.paraBanking.TestRunner.TestRunner@17f62e33]" started-at="2022-12-17T02:41:50 IST" name="runScenario" description="Runs Cucumber Scenarios" data-provider="scenarios" finished-at="2022-12-17T02:41:50 IST" duration-ms="4" status="FAIL">
          <params>
            <param index="0">
              <value>
                <![CDATA["Bill Pay Form Validations"]]>
              </value>
            </param>
            <param index="1">
              <value>
                <![CDATA["Automate ParaBank Website using cucumber,selenium,testng and java"]]>
              </value>
            </param>
          </params>
          <exception class="java.lang.NullPointerException">
            <message>
              <![CDATA[Cannot invoke "org.openqa.selenium.WebDriver.get(String)" because "com.paraBanking.stepDefinitions.ParaBankStepDefinitions.driver" is null]]>
            </message>
            <full-stacktrace>
              <![CDATA[java.lang.NullPointerException: Cannot invoke "org.openqa.selenium.WebDriver.get(String)" because "com.paraBanking.stepDefinitions.ParaBankStepDefinitions.driver" is null
at com.paraBanking.stepDefinitions.ParaBankStepDefinitions.openParaBank(ParaBankStepDefinitions.java:106)
at ✽.Open the paraBanking Website(file:///Users/snimma868/Demo/paraBanking/src/test/resources/Login.feature:34)
]]>
            </full-stacktrace>
          </exception> <!-- java.lang.NullPointerException -->
          <reporter-output>
          </reporter-output>
        </test-method> <!-- runScenario -->
        <test-method signature="runScenario(io.cucumber.testng.PickleWrapper,io.cucumber.testng.FeatureWrapper)[pri:0, instance:com.paraBanking.TestRunner.TestRunner@17f62e33]" started-at="2022-12-17T02:41:50 IST" name="runScenario" description="Runs Cucumber Scenarios" data-provider="scenarios" finished-at="2022-12-17T02:41:50 IST" duration-ms="3" status="FAIL">
          <params>
            <param index="0">
              <value>
                <![CDATA["Bill Pay Form Validations"]]>
              </value>
            </param>
            <param index="1">
              <value>
                <![CDATA["Automate ParaBank Website using cucumber,selenium,testng and java"]]>
              </value>
            </param>
          </params>
          <exception class="java.lang.NullPointerException">
            <message>
              <![CDATA[Cannot invoke "org.openqa.selenium.WebDriver.get(String)" because "com.paraBanking.stepDefinitions.ParaBankStepDefinitions.driver" is null]]>
            </message>
            <full-stacktrace>
              <![CDATA[java.lang.NullPointerException: Cannot invoke "org.openqa.selenium.WebDriver.get(String)" because "com.paraBanking.stepDefinitions.ParaBankStepDefinitions.driver" is null
at com.paraBanking.stepDefinitions.ParaBankStepDefinitions.openParaBank(ParaBankStepDefinitions.java:106)
at ✽.Open the paraBanking Website(file:///Users/snimma868/Demo/paraBanking/src/test/resources/Login.feature:34)
]]>
            </full-stacktrace>
          </exception> <!-- java.lang.NullPointerException -->
          <reporter-output>
          </reporter-output>
        </test-method> <!-- runScenario -->
        <test-method signature="runScenario(io.cucumber.testng.PickleWrapper,io.cucumber.testng.FeatureWrapper)[pri:0, instance:com.paraBanking.TestRunner.TestRunner@17f62e33]" started-at="2022-12-17T02:41:50 IST" name="runScenario" description="Runs Cucumber Scenarios" data-provider="scenarios" finished-at="2022-12-17T02:41:50 IST" duration-ms="4" status="FAIL">
          <params>
            <param index="0">
              <value>
                <![CDATA["Bill Pay Form Validations"]]>
              </value>
            </param>
            <param index="1">
              <value>
                <![CDATA["Automate ParaBank Website using cucumber,selenium,testng and java"]]>
              </value>
            </param>
          </params>
          <exception class="java.lang.NullPointerException">
            <message>
              <![CDATA[Cannot invoke "org.openqa.selenium.WebDriver.get(String)" because "com.paraBanking.stepDefinitions.ParaBankStepDefinitions.driver" is null]]>
            </message>
            <full-stacktrace>
              <![CDATA[java.lang.NullPointerException: Cannot invoke "org.openqa.selenium.WebDriver.get(String)" because "com.paraBanking.stepDefinitions.ParaBankStepDefinitions.driver" is null
at com.paraBanking.stepDefinitions.ParaBankStepDefinitions.openParaBank(ParaBankStepDefinitions.java:106)
at ✽.Open the paraBanking Website(file:///Users/snimma868/Demo/paraBanking/src/test/resources/Login.feature:34)
]]>
            </full-stacktrace>
          </exception> <!-- java.lang.NullPointerException -->
          <reporter-output>
          </reporter-output>
        </test-method> <!-- runScenario -->
        <test-method signature="runScenario(io.cucumber.testng.PickleWrapper,io.cucumber.testng.FeatureWrapper)[pri:0, instance:com.paraBanking.TestRunner.TestRunner@17f62e33]" started-at="2022-12-17T02:41:50 IST" name="runScenario" description="Runs Cucumber Scenarios" data-provider="scenarios" finished-at="2022-12-17T02:41:50 IST" duration-ms="8" status="FAIL">
          <params>
            <param index="0">
              <value>
                <![CDATA["Bill Pay Form Validations"]]>
              </value>
            </param>
            <param index="1">
              <value>
                <![CDATA["Automate ParaBank Website using cucumber,selenium,testng and java"]]>
              </value>
            </param>
          </params>
          <exception class="java.lang.NullPointerException">
            <message>
              <![CDATA[Cannot invoke "org.openqa.selenium.WebDriver.get(String)" because "com.paraBanking.stepDefinitions.ParaBankStepDefinitions.driver" is null]]>
            </message>
            <full-stacktrace>
              <![CDATA[java.lang.NullPointerException: Cannot invoke "org.openqa.selenium.WebDriver.get(String)" because "com.paraBanking.stepDefinitions.ParaBankStepDefinitions.driver" is null
at com.paraBanking.stepDefinitions.ParaBankStepDefinitions.openParaBank(ParaBankStepDefinitions.java:106)
at ✽.Open the paraBanking Website(file:///Users/snimma868/Demo/paraBanking/src/test/resources/Login.feature:34)
]]>
            </full-stacktrace>
          </exception> <!-- java.lang.NullPointerException -->
          <reporter-output>
          </reporter-output>
        </test-method> <!-- runScenario -->
        <test-method signature="runScenario(io.cucumber.testng.PickleWrapper,io.cucumber.testng.FeatureWrapper)[pri:0, instance:com.paraBanking.TestRunner.TestRunner@17f62e33]" started-at="2022-12-17T02:41:50 IST" name="runScenario" description="Runs Cucumber Scenarios" data-provider="scenarios" finished-at="2022-12-17T02:41:50 IST" duration-ms="3" status="FAIL">
          <params>
            <param index="0">
              <value>
                <![CDATA["Bill Pay Form Validations"]]>
              </value>
            </param>
            <param index="1">
              <value>
                <![CDATA["Automate ParaBank Website using cucumber,selenium,testng and java"]]>
              </value>
            </param>
          </params>
          <exception class="java.lang.NullPointerException">
            <message>
              <![CDATA[Cannot invoke "org.openqa.selenium.WebDriver.get(String)" because "com.paraBanking.stepDefinitions.ParaBankStepDefinitions.driver" is null]]>
            </message>
            <full-stacktrace>
              <![CDATA[java.lang.NullPointerException: Cannot invoke "org.openqa.selenium.WebDriver.get(String)" because "com.paraBanking.stepDefinitions.ParaBankStepDefinitions.driver" is null
at com.paraBanking.stepDefinitions.ParaBankStepDefinitions.openParaBank(ParaBankStepDefinitions.java:106)
at ✽.Open the paraBanking Website(file:///Users/snimma868/Demo/paraBanking/src/test/resources/Login.feature:34)
]]>
            </full-stacktrace>
          </exception> <!-- java.lang.NullPointerException -->
          <reporter-output>
          </reporter-output>
        </test-method> <!-- runScenario -->
        <test-method is-config="true" signature="tearDownClass()[pri:0, instance:com.paraBanking.TestRunner.TestRunner@17f62e33]" started-at="2022-12-17T02:41:50 IST" name="tearDownClass" finished-at="2022-12-17T02:41:50 IST" duration-ms="6" status="PASS">
          <reporter-output>
          </reporter-output>
        </test-method> <!-- tearDownClass -->
      </class> <!-- com.paraBanking.TestRunner.TestRunner -->
    </test> <!-- Test -->
  </suite> <!-- Suite -->
</testng-results>
