<?xml version="1.0" encoding="UTF-8"?>
<!-- Generated by org.testng.reporters.JUnitReportReporter -->
<testsuite hostname="INSML-H55MD6M" failures="1" tests="10" name="com.paraBanking.TestRunner.TestRunner" time="770.049" errors="0" timestamp="2022-12-17T12:20:58 IST" skipped="0">
  <testcase classname="com.paraBanking.TestRunner.TestRunner" name="runScenario" time="73.091"/>
  <system-out/>
  <testcase classname="com.paraBanking.TestRunner.TestRunner" name="runScenario" time="72.920"/>
  <system-out/>
  <testcase classname="com.paraBanking.TestRunner.TestRunner" name="runScenario" time="72.004"/>
  <system-out/>
  <testcase classname="com.paraBanking.TestRunner.TestRunner" name="runScenario" time="63.786"/>
  <system-out/>
  <testcase classname="com.paraBanking.TestRunner.TestRunner" name="runScenario" time="74.274"/>
  <system-out/>
  <testcase classname="com.paraBanking.TestRunner.TestRunner" name="runScenario" time="71.576"/>
  <system-out/>
  <testcase classname="com.paraBanking.TestRunner.TestRunner" name="runScenario" time="125.393">
    <failure message="Amount didn&#039;t get credited to Riya" type="java.lang.AssertionError">
      <![CDATA[java.lang.AssertionError: Amount didn't get credited to Riya
at org.testng.Assert.fail(Assert.java:110)
at com.paraBanking.stepDefinitions.ParaBankStepDefinitions.verifyBalanceAndTransactionTable(ParaBankStepDefinitions.java:307)
at ✽.Verify that balance and transaction table details of Checking account is correct after receiving amount of 50 <from-to> Riya(file:///Users/snimma868/Demo/paraBanking/src/test/resources/Login.feature:27)
]]>
    </failure>
  </testcase> <!-- runScenario -->
  <system-out/>
  <testcase classname="com.paraBanking.TestRunner.TestRunner" name="runScenario" time="73.023"/>
  <system-out/>
  <testcase classname="com.paraBanking.TestRunner.TestRunner" name="runScenario" time="71.858"/>
  <system-out/>
  <testcase classname="com.paraBanking.TestRunner.TestRunner" name="runScenario" time="72.124"/>
  <system-out/>
</testsuite> <!-- com.paraBanking.TestRunner.TestRunner -->
